DEBUG:
('%100 ÖSYM Soru Tipleriyle Problemler Konu Özetli Soru Bankası', 'Fides Yayıncılık', 142, '35.00', '50.00', None, 0.0, 'matematik', 'tyt', None, 'soru bankası', 'https://www.bkmkitap.com/osym-soru-tipleriyle-problemler-konu-ozetli-soru-bankasi-fides-yayinlari', 'https://cdn.bkmkitap.com/osym-soru-tipleriyle-problemler-konu-ozetli-soru-bankasi-fides-yayinlari-12719447-56-O.jpg') 
 
DEBUG:
('2009-2021 AYT Tarih Son 13 Yıl Tıpkı Basım Konularına Göre Düzenlenmiş Tamamı Çözümlü Çıkmış Sorular Benim Hocam Yayınları', 'Benim Hocam Yayınları', 128, '51.35', '79.00', None, 0.0, 'tarih', 'ayt', '2021', 'diğer', 'https://www.bkmkitap.com/2009-2021-ayt-tarih-son-13-yil-tipki-basim-konularina-gore-duzenlenmis-tamami-cozumlu-cikmis-sorular-benim-hocam-yayinlari', 'https://cdn.bkmkitap.com/2009-2021-ayt-tarih-son-13-yil-tipki-basim-konularina-gore-duzenlenmis-tamami-cozumlu-cikmis-sorular-benim-hocam-yayinlari-11686203-69-O.jpg') 
 
DEBUG:
('2009-2021 YKS 2. Oturum Sayısal Bölüm Son 13 Yıl Tıpkı Basım Fasikül Fasikül Çıkmış Sorular Benim Hocam Yayınları', 'Benim Hocam Yayınları', None, '129.35', '199.00', None, 0.0, 'sayısal', 'lise', '2021', 'diğer', 'https://www.bkmkitap.com/2009-2021-yks-2-oturum-sayisal-bolum-son-13-yil-tipki-basim-fasikul-fasikul-cikmis-sorular-benim-hocam-yayinlari', 'https://cdn.bkmkitap.com/2009-2021-yks-2-oturum-sayisal-bolum-son-13-yil-tipki-basim-fasikul-fasikul-cikmis-sorular-benim-hocam-yayinlari-11685231-62-O.jpg') 
 
DEBUG:
('2015-2021 YKS 2. Oturum Sayısal Bölüm Son 7 Yıl Tıpkı Basım Fasikül Fasikül Çıkmış Sorular Benim Hocam Yayınları', 'Benim Hocam Yayınları', None, '129.35', '199.00', None, 0.0, 'sayısal', 'lise', '2021', 'diğer', 'https://www.bkmkitap.com/2015-2021-yks-2-oturum-sayisal-bolum-son-7-yil-tipki-basim-fasikul-fasikul-cikmis-sorular', 'https://cdn.bkmkitap.com/2015-2021-yks-2-oturum-sayisal-bolum-son-7-yil-tipki-basim-fasikul-fasikul-cikmis-sorular-11685655-64-O.jpg') 
 
DEBUG:
('2018 TYT Z9 1. Oturum İleri Seviye Video Çözümlü Deneme Sınavı', 'Evrensel İletişim Yayınları', 288, '81.25', '125.00', None, 0.0, 'genel', 'tyt', '2018', 'deneme', 'https://www.bkmkitap.com/yks-tyt-z9-ileri-seviye-video-cozumlu-deneme-sinavi-1-oturum-564732', 'https://cdn.bkmkitap.com/yks-tyt-z9-ileri-seviye-video-cozumlu-deneme-sinavi-1-oturum-564732-12386260-28-O.jpg') 
 
DEBUG:
('2021 AYT Deneme Tıpkı Basım Çap Yayınları', 'Çap Yayınları', 43, '24.65', '29.00', None, 0.0, 'genel', 'ayt', '2021', 'deneme', 'https://www.bkmkitap.com/2021-ayt-deneme-tipki-basim-cap-yayinlari', 'https://cdn.bkmkitap.com/2021-ayt-deneme-tipki-basim-cap-yayinlari-12599188-64-O.jpg') 
 
DEBUG:
('2021 TYT Deneme Tıpkı Basım Çap Yayınları', 'Çap Yayınları', 43, '24.65', '29.00', None, 0.0, 'genel', 'tyt', '2021', 'deneme', 'https://www.bkmkitap.com/2021-tyt-deneme-tipki-basim-cap-yayinlari', 'https://cdn.bkmkitap.com/2021-tyt-deneme-tipki-basim-cap-yayinlari-11686042-64-O.jpg') 
 
DEBUG:
('2022 AYT 7 Günde Biyoloji Kampı Benim Hocam Yayınları', 'Benim Hocam Yayınları', 96, '64.35', '99.00', None, 0.0, 'biyoloji', 'ayt', '2022', 'diğer', 'https://www.bkmkitap.com/2022-ayt-7-gunde-biyoloji-kampi-benim-hocam-yayinlari', 'https://cdn.bkmkitap.com/2022-ayt-7-gunde-biyoloji-kampi-benim-hocam-yayinlari-11692356-73-O.jpg') 
 
DEBUG:
('2022 AYT 8 Günde Türk Dili ve Edebiyatı Kampı Benim Hocam Yayınları', 'Benim Hocam Yayınları', 128, '41.60', '64.00', None, 0.0, 'edebiyat', 'ayt', '2022', 'diğer', 'https://www.bkmkitap.com/2022-ayt-8-gunde-turk-dili-ve-edebiyati-kampi-benim-hocam-yayinlari', 'https://cdn.bkmkitap.com/2022-ayt-8-gunde-turk-dili-ve-edebiyati-kampi-benim-hocam-yayinlari-11689918-71-O.jpg') 
 
DEBUG:
('2022 AYT Adayları ve 11. Sınıflar İçin Sistemler Konu Anlatımlı Soru Fasikülü Benim Hocam Yayınları', 'Benim Hocam Yayınları', 158, '54.60', '84.00', None, 0.0, 'biyoloji', 'ayt', '2022', 'diğer', 'https://www.bkmkitap.com/2022-ayt-adaylari-ve-11-siniflar-icin-sistemler-konu-anlatimli-soru-fasikulu-benim-hocam-yayinlari', 'https://cdn.bkmkitap.com/2022-ayt-adaylari-ve-11-siniflar-icin-sistemler-konu-anlatimli-soru-fasikulu-benim-hocam-yayinlari-11690775-71-O.jpg') 
 
DEBUG:
('2022 AYT Adayları ve Ara Sınıflar İçin Taktiklerle 2. Dereceden Eşitsizlikler Parabol Konu Anlatımlı', 'Benim Hocam Yayınları', 112, '78.00', '120.00', None, 0.0, 'matematik', 'ayt', '2022', 'diğer', 'https://www.bkmkitap.com/2022-ayt-adaylari-ve-ara-siniflar-icin-taktiklerle-2-dereceden-esitsizlikler-parabol-konu-anlatimli', 'https://cdn.bkmkitap.com/2022-ayt-adaylari-ve-ara-siniflar-icin-taktiklerle-2-dereceden-esitsizlikler-parabol-konu-anlatimli-11692353-73-O.jpg') 
 
DEBUG:
('2022 AYT Adayları ve Ara Sınıflar İçin Taktiklerle Polinomlar - İkinci Dereceden Denklemler - Karmaşık Sayılar Konu Anlatımlı Soru Fasikülü Benim Hocam Yayınları', 'Benim Hocam Yayınları', 144, '97.50', '150.00', None, 0.0, 'matematik', 'ayt', '2022', 'diğer', 'https://www.bkmkitap.com/2022-ayt-adaylari-ve-ara-siniflar-icin-taktiklerle-polinomlar-ikinci-dereceden-denklemler-karmasik-sayilar-konu-anlatimli-soru-fasikulu-benim-hocam-yayinlari', 'https://cdn.bkmkitap.com/2022-ayt-adaylari-ve-ara-siniflar-icin-taktiklerle-polinomlar-ikinci-dereceden-denklemler-karmasik-sayilar-konu-anlatimli-soru-fasikulu-benim-hocam-yayinlari-11687176-69-O.jpg') 
 
DEBUG:
('2022 AYT Aperitif Matematik Soru Bankası Bilinçsel Yayınları', 'Bilinçsel Yayınları', 428, '100.00', '125.00', None, 0.0, 'matematik', 'ayt', '2022', 'soru bankası', 'https://www.bkmkitap.com/2022-ayt-aperitif-matematik-soru-bankasi-bilincsel-yayinlari', 'https://cdn.bkmkitap.com/2022-ayt-aperitif-matematik-soru-bankasi-bilincsel-yayinlari-11682322-57-O.jpg') 
 
DEBUG:
('2022 AYT Biyoloji 25 x 13 Denemeleri Bilgi Sarmal', 'Bilgi Sarmal Yayınları', 96, '33.15', '39.00', None, 0.0, 'biyoloji', 'ayt', '2022', 'deneme', 'https://www.bkmkitap.com/2022-ayt-biyoloji-25-x-13-denemeleri-bilgi-sarmal', 'https://cdn.bkmkitap.com/2022-ayt-biyoloji-25-x-13-denemeleri-bilgi-sarmal-12331860-70-O.jpg') 
 
DEBUG:
('2022 AYT Biyoloji Provası 20x13 Deneme Nitelik Yayınları', 'Palme Yayıncılık', 96, '42.25', '65.00', None, 0.0, 'biyoloji', 'ayt', '2022', 'deneme', 'https://www.bkmkitap.com/2022-ayt-biyoloji-provasi-20x13-deneme-nitelik-yayinlari', 'https://cdn.bkmkitap.com/2022-ayt-biyoloji-provasi-20x13-deneme-nitelik-yayinlari-11691562-71-O.jpg') 
 
DEBUG:
('2022 AYT Biyoloji Soru Bankası Endemik Yayınları', 'Endemik Yayınları', 288, '120.00', '200.00', None, 0.0, 'biyoloji', 'ayt', '2022', 'soru bankası', 'https://www.bkmkitap.com/2022-ayt-biyoloji-soru-bankasi', 'https://cdn.bkmkitap.com/2022-ayt-biyoloji-soru-bankasi-11678837-56-O.jpg') 
 
DEBUG:
('2022 AYT Biyoloji Soru Bankası Video Çözümlü Altın Karma Yayınları', 'Altın Karma Yayınları', 192, '84.50', '169.00', None, 0.0, 'biyoloji', 'ayt', '2022', 'soru bankası', 'https://www.bkmkitap.com/2022-ayt-biyoloji-soru-bankasi-video-cozumlu-altin-karma-yayinlari', 'https://cdn.bkmkitap.com/2022-ayt-biyoloji-soru-bankasi-video-cozumlu-altin-karma-yayinlari-11683062-57-O.png') 
 
DEBUG:
('2022 AYT Biyoloji Tamamı Video Çözümlü 25+3 Deneme Sınavı Benim Hocam Yayınları', 'Benim Hocam Yayınları', 144, '35.10', '54.00', None, 5.0, 'biyoloji', 'ayt', '2022', 'deneme', 'https://www.bkmkitap.com/2022-ayt-biyoloji-tamami-video-cozumlu-253-deneme-sinavi-benim-hocam-yayinlari', 'https://cdn.bkmkitap.com/2022-ayt-biyoloji-tamami-video-cozumlu-253-deneme-sinavi-benim-hocam-yayinlari-11684312-62-O.jpg') 
 
DEBUG:
('2022 AYT Coğrafya Enerji 25 Deneme Sınavı Video Çözümlü Palme Yayınları', 'Palme Yayıncılık', 72, '42.25', '65.00', None, 0.0, 'coğrafya', 'ayt', '2022', 'deneme', 'https://www.bkmkitap.com/2022-ayt-cografya-enerji-25-deneme-sinavi-video-cozumlu-palme-yayinlari', 'https://cdn.bkmkitap.com/2022-ayt-cografya-enerji-25-deneme-sinavi-video-cozumlu-palme-yayinlari-11831602-71-O.jpg') 
 
DEBUG:
('2022 AYT Coğrafya Soru Bankası Endemik Yayınları', 'Endemik Yayınları', 192, '89.90', '145.00', None, 0.0, 'coğrafya', 'ayt', '2022', 'soru bankası', 'https://www.bkmkitap.com/2022-ayt-cografya-soru-bankasi', 'https://cdn.bkmkitap.com/2022-ayt-cografya-soru-bankasi-11678822-56-O.jpg') 
 
DEBUG:
('2022 AYT Coğrafya Soru Bankası Video Çözümlü Altın Karma Yayınları', 'Altın Karma Yayınları', 159, '74.50', '149.00', None, 0.0, 'coğrafya', 'ayt', '2022', 'soru bankası', 'https://www.bkmkitap.com/2022-ayt-cografya-soru-bankasi-video-cozumlu-altin-karma-yayinlari', 'https://cdn.bkmkitap.com/2022-ayt-cografya-soru-bankasi-video-cozumlu-altin-karma-yayinlari-11683266-57-O.png') 
 
DEBUG:
('2022 AYT Edebiyat Ders Defteri Dinamo Yayınları', 'Dinamo Yayınları', 194, '70.00', '100.00', None, 0.0, 'edebiyat', 'ayt', '2022', 'diğer', 'https://www.bkmkitap.com/2022-ayt-edebiyat-ders-defteri-dinamo-yayinlari', 'https://cdn.bkmkitap.com/2022-ayt-edebiyat-ders-defteri-dinamo-yayinlari-11684390-62-O.jpg') 
 
DEBUG:
('2022 AYT Edebiyat Dijital Çözümlü 10 Deneme Sınavı Pelikan Yayınevi', 'Pelikan Tıp Teknik Yayıncılık', 104, '45.50', '65.00', None, 0.0, 'edebiyat', 'ayt', '2022', 'deneme', 'https://www.bkmkitap.com/2022-ayt-edebiyat-dijital-cozumlu-10-deneme-sinavi-pelikan-yayinevi', 'https://cdn.bkmkitap.com/2022-ayt-edebiyat-dijital-cozumlu-10-deneme-sinavi-pelikan-yayinevi-11691825-70-O.jpg') 
 
DEBUG:
('2022 AYT Edebiyat Resimli Notlu Soru Bankası Editör Yayınevi', 'Editör Yayınevi', 223, '94.50', '135.00', None, 0.0, 'edebiyat', 'ayt', '2022', 'soru bankası', 'https://www.bkmkitap.com/2022-ayt-edebiyat-resimli-notlu-soru-bankasi-editor-yayinevi', 'https://cdn.bkmkitap.com/2022-ayt-edebiyat-resimli-notlu-soru-bankasi-editor-yayinevi-12432632-57-O.jpg') 
 
DEBUG:
('2022 AYT Edebiyat Son 10 Yıl Konularına Göre Çıkmış Sorular ve Çözümleri A Yayınları', 'A Yayınları', 80, '36.75', '49.00', None, 0.0, 'edebiyat', 'ayt', '2022', 'diğer', 'https://www.bkmkitap.com/2022-ayt-edebiyat-son-10-yil-konularina-gore-cikmis-sorular-ve-cozumleri-a-yayinlari', 'https://cdn.bkmkitap.com/2022-ayt-edebiyat-son-10-yil-konularina-gore-cikmis-sorular-ve-cozumleri-a-yayinlari-11688304-61-O.jpg') 
 
DEBUG:
('2022 AYT Edebiyat Soru Bankası Endemik Yayınları', 'Endemik Yayınları', 400, '155.00', '250.00', None, 0.0, 'edebiyat', 'ayt', '2022', 'soru bankası', 'https://www.bkmkitap.com/2022-ayt-edebiyat-soru-bankasi', 'https://cdn.bkmkitap.com/2022-ayt-edebiyat-soru-bankasi-11678823-56-O.jpg') 
 
DEBUG:
('2022 AYT Eşit Ağırlık 8 Deneme Sınavı Endemik Yayınları', 'Endemik Yayınları', 192, '93.00', '150.00', None, 0.0, 'genel', 'ayt', '2022', 'deneme', 'https://www.bkmkitap.com/2022-ayt-esit-agirlik-8-deneme-sinavi-endemik-yayinlari', 'https://cdn.bkmkitap.com/2022-ayt-esit-agirlik-8-deneme-sinavi-endemik-yayinlari-11684459-62-O.jpg') 
 
DEBUG:
('2022 AYT Fen Bilimleri 12 Deneme Sınavı Endemik Yayınları', 'Endemik Yayınları', 112, '62.00', '100.00', None, 5.0, 'fen', 'ayt', '2022', 'deneme', 'https://www.bkmkitap.com/2022-ayt-fen-bilimleri-12-deneme-sinavi-endemik-yayinlari', 'https://cdn.bkmkitap.com/2022-ayt-fen-bilimleri-12-deneme-sinavi-endemik-yayinlari-11684457-62-O.jpg') 
 
DEBUG:
('2022 AYT Fen Bilimleri 15 Deneme Üçgen Akademi', 'Üçgen Yayıncılık', None, '120.00', '150.00', None, 0.0, 'fen', 'ayt', '2022', 'deneme', 'https://www.bkmkitap.com/2022-ayt-fen-bilimleri-15-deneme-ucgen-akademi', 'https://cdn.bkmkitap.com/2022-ayt-fen-bilimleri-15-deneme-ucgen-akademi-13335135-71-O.jpg') 
 
DEBUG:
('2022 AYT Fen Bilimleri Kondisyon Serisi Denemeleri İdeal Yayınları', 'İdeal Yayınları', 207, '75.00', '75.00', None, 0.0, 'fen', 'ayt', '2022', 'deneme', 'https://www.bkmkitap.com/2022-ayt-fen-bilimleri-kondisyon-serisi-denemeleri-ideal-yayinlari', 'https://cdn.bkmkitap.com/2022-ayt-fen-bilimleri-kondisyon-serisi-denemeleri-ideal-yayinlari-12652566-71-O.jpg') 
 
DEBUG:
('2022 AYT Fizik 30 Deneme Sınavı Endemik Yayınları', 'Endemik Yayınları', 96, '62.00', '100.00', None, 0.0, 'fizik', 'ayt', '2022', 'deneme', 'https://www.bkmkitap.com/2022-ayt-fizik-30-deneme-sinavi-endemik-yayinlari', 'https://cdn.bkmkitap.com/2022-ayt-fizik-30-deneme-sinavi-endemik-yayinlari-11684456-62-O.jpg') 
 
DEBUG:
('2022 AYT Fizik Palmetre Serisi 30 Deneme Palme Yayınları', 'Palme Yayıncılık - Hazırlık Kitapları', 136, '84.70', '121.00', None, 0.0, 'fizik', 'ayt', '2022', 'deneme', 'https://www.bkmkitap.com/2022-ayt-fizik-palmetre-serisi-30-deneme-palme-yayinlari', 'https://cdn.bkmkitap.com/2022-ayt-fizik-palmetre-serisi-30-deneme-palme-yayinlari-11692029-71-O.jpg') 
 
DEBUG:
('2022 AYT Fizik Soru Bankası Endemik Yayınları', 'Endemik Yayınları', 368, '155.00', '250.00', None, 0.0, 'fizik', 'ayt', '2022', 'soru bankası', 'https://www.bkmkitap.com/2022-ayt-fizik-soru-bankasi', 'https://cdn.bkmkitap.com/2022-ayt-fizik-soru-bankasi-11678836-56-O.jpg') 
 
DEBUG:
('2022 AYT Fizik Soru Bankası Esen Yayınları', 'Esen Yayınları', 352, '248.00', '310.00', None, 0.0, 'fizik', 'ayt', '2022', 'soru bankası', 'https://www.bkmkitap.com/2022-ayt-fizik-soru-bankasi-esen-yayinlari', 'https://cdn.bkmkitap.com/2022-ayt-fizik-soru-bankasi-esen-yayinlari-11681155-57-O.jpg') 
 
DEBUG:
('2022 AYT Fizik Soru Bankası Video Çözümlü Altın Karma Yayınları', 'Altın Karma Yayınları', 175, '84.50', '169.00', None, 0.0, 'fizik', 'ayt', '2022', 'soru bankası', 'https://www.bkmkitap.com/2022-ayt-fizik-soru-bankasi-video-cozumlu-altin-karma-yayinlari', 'https://cdn.bkmkitap.com/2022-ayt-fizik-soru-bankasi-video-cozumlu-altin-karma-yayinlari-11683054-57-O.png') 
 
DEBUG:
('2022 AYT Fizik Tamamı Video Çözümlü 25+3 Deneme Sınavı Benim Hocam Yayınları', 'Benim Hocam Yayınları', 160, '41.60', '64.00', None, 0.0, 'fizik', 'ayt', '2022', 'deneme', 'https://www.bkmkitap.com/2022-ayt-fizik-tamami-video-cozumlu-253-deneme-sinavi-benim-hocam-yayinlari', 'https://cdn.bkmkitap.com/2022-ayt-fizik-tamami-video-cozumlu-253-deneme-sinavi-benim-hocam-yayinlari-11684311-62-O.jpg') 
 
DEBUG:
('2022 AYT Güçlü Edebiyat Soru Bankası Bilinçsel Yayınları', 'Bilinçsel Yayınları', 270, '112.00', '140.00', None, 0.0, 'edebiyat', 'ayt', '2022', 'soru bankası', 'https://www.bkmkitap.com/2022-ayt-guclu-edebiyat-soru-bankasi-bilincsel-yayinlari', 'https://cdn.bkmkitap.com/2022-ayt-guclu-edebiyat-soru-bankasi-bilincsel-yayinlari-11683854-57-O.jpg') 
 
DEBUG:
('2022 AYT Gün Gün Coğrafya Soru Bankası Strateji Yayınları', 'Strateji Yayınları', 270, '212.50', '250.00', None, 0.0, 'coğrafya', 'ayt', '2022', 'soru bankası', 'https://www.bkmkitap.com/2022-ayt-gun-gun-cografya-soru-bankasi-strateji-yayinlari', 'https://cdn.bkmkitap.com/2022-ayt-gun-gun-cografya-soru-bankasi-strateji-yayinlari-11679623-56-O.jpg') 
 
DEBUG:
('2022 AYT Gün Gün Tarih Soru Bankası Strateji Yayınları', 'Strateji Yayınları', 216, '221.00', '260.00', None, 0.0, 'tarih', 'ayt', '2022', 'soru bankası', 'https://www.bkmkitap.com/2022-ayt-gun-gun-tarih-soru-bankasi-strateji-yayinlari', 'https://cdn.bkmkitap.com/2022-ayt-gun-gun-tarih-soru-bankasi-strateji-yayinlari-11679622-56-O.jpg') 
 
DEBUG:
('2022 AYT Hafıza Teknikleriyle Türk Dili ve Edebiyatı Konu Anlatımı Benim Hocam Yayınları', 'Benim Hocam Yayınları', 256, '109.85', '169.00', None, 0.0, 'edebiyat', 'ayt', '2022', 'diğer', 'https://www.bkmkitap.com/2022-ayt-hafiza-teknikleriyle-turk-dili-ve-edebiyati-konu-anlatimi-benim-hocam-yayinlari', 'https://cdn.bkmkitap.com/2022-ayt-hafiza-teknikleriyle-turk-dili-ve-edebiyati-konu-anlatimi-benim-hocam-yayinlari-11684150-61-O.jpg') 
 
DEBUG:
('2022 AYT Hocaların Gözünden Matematik Soru Bankası Yargı Yayınları', 'Yargı Yayınları', 352, '103.20', '129.00', None, 0.0, 'matematik', 'ayt', '2022', 'soru bankası', 'https://www.bkmkitap.com/2022-ayt-hocalarin-gozunden-matematik-soru-bankasi-yargi-yayinlari', 'https://cdn.bkmkitap.com/2022-ayt-hocalarin-gozunden-matematik-soru-bankasi-yargi-yayinlari-11686007-64-O.jpg') 
 
DEBUG:
('2022 AYT İntegral Soru Bankası Endemik Yayınları', 'Endemik Yayınları', 128, '58.90', '95.00', None, 0.0, 'matematik', 'ayt', '2022', 'soru bankası', 'https://www.bkmkitap.com/2022-ayt-integral-soru-bankasi', 'https://cdn.bkmkitap.com/2022-ayt-integral-soru-bankasi-11678832-56-O.jpg') 
 
DEBUG:
('2022 AYT Kamp Seti Sayısal Hız Yayınları', 'Hız Yayınları', None, '314.10', '349.00', None, 0.0, 'sayısal', 'ayt', '2022', 'diğer', 'https://www.bkmkitap.com/2022-ayt-kamp-seti-sayisal-hiz-yayinlari', 'https://cdn.bkmkitap.com/2022-ayt-kamp-seti-sayisal-hiz-yayinlari-11688968-70-O.jpg') 
 
DEBUG:
('2022 AYT Kamp Seti Sözel Hız Yayınları', 'Hız Yayınları', None, '269.10', '299.00', None, 0.0, 'sözel', 'ayt', '2022', 'diğer', 'https://www.bkmkitap.com/2022-ayt-kamp-seti-sozel-hiz-yayinlari', 'https://cdn.bkmkitap.com/2022-ayt-kamp-seti-sozel-hiz-yayinlari-11688970-70-O.jpg') 
 
DEBUG:
('2022 AYT Kimya 30 x 13 Up Deneme Çap Yayınları', 'Çap Yayınları', None, '33.15', '39.00', None, 0.0, 'kimya', 'ayt', '2022', 'deneme', 'https://www.bkmkitap.com/2022-ayt-kimya-30-x-13-up-deneme-cap-yayinlari', 'https://cdn.bkmkitap.com/2022-ayt-kimya-30-x-13-up-deneme-cap-yayinlari-11687276-70-O.jpg') 
 
DEBUG:
('2022 AYT Kimya Ders İşleme Föyü Pegem Akademi', 'Pegem Akademi Yayıncılık', 200, '72.00', '100.00', None, 0.0, 'kimya', 'ayt', '2022', 'diğer', 'https://www.bkmkitap.com/2022-ayt-kimya-ders-isleme-foyu-pegem-akademi', 'https://cdn.bkmkitap.com/2022-ayt-kimya-ders-isleme-foyu-pegem-akademi-12753791-69-O.jpg') 
 
DEBUG:
('2022 AYT Kimya Enerji 20 Deneme Sınavı Palme Yayınları', 'Palme Yayıncılık', 96, '52.00', '80.00', None, 0.0, 'kimya', 'ayt', '2022', 'deneme', 'https://www.bkmkitap.com/2022-ayt-kimya-enerji-20-deneme-sinavi-palme-yayinlari', 'https://cdn.bkmkitap.com/2022-ayt-kimya-enerji-20-deneme-sinavi-palme-yayinlari-11691416-70-O.jpg') 
 
DEBUG:
('2022 AYT Kimya Soru Bankası Endemik Yayınları', 'Endemik Yayınları', 272, '117.80', '190.00', None, 0.0, 'kimya', 'ayt', '2022', 'soru bankası', 'https://www.bkmkitap.com/2022-ayt-kimya-soru-bankasi', 'https://cdn.bkmkitap.com/2022-ayt-kimya-soru-bankasi-11678821-56-O.jpg') 
 
DEBUG:
('2022 AYT Kimya Soru Bankası Pegem Yayınları', 'Pegem Akademi Yayıncılık', 296, '122.40', '170.00', None, 0.0, 'kimya', 'ayt', '2022', 'soru bankası', 'https://www.bkmkitap.com/2022-ayt-kimya-soru-bankasi-pegem-yayinlari', 'https://cdn.bkmkitap.com/2022-ayt-kimya-soru-bankasi-pegem-yayinlari-12755714-64-O.jpg') 
 
DEBUG:
('2022 AYT Kimya Soru Bankası Video Çözümlü Altın Karma Yayınları', 'Altın Karma Yayınları', None, '84.50', '169.00', None, 0.0, 'kimya', 'ayt', '2022', 'soru bankası', 'https://www.bkmkitap.com/2022-ayt-kimya-soru-bankasi-video-cozumlu-altin-karma-yayinlari', 'https://cdn.bkmkitap.com/2022-ayt-kimya-soru-bankasi-video-cozumlu-altin-karma-yayinlari-11683033-57-O.png') 
 
DEBUG:
('2022 AYT Logaritma Soru Bankası', 'Sonuç Yayınları', 103, '50.40', '72.00', None, 0.0, 'matematik', 'ayt', '2022', 'soru bankası', 'https://www.bkmkitap.com/2022-ayt-logaritma-soru-bankasi', 'https://cdn.bkmkitap.com/2022-ayt-logaritma-soru-bankasi-11681600-64-O.jpg') 
 
DEBUG:
('2022 AYT Matematik Moduler Set Sonuç Yayınları', 'Sonuç Yayınları', 564, '213.50', '305.00', None, 0.0, 'matematik', 'ayt', '2022', 'diğer', 'https://www.bkmkitap.com/2022-ayt-matematik-moduler-set-sonuc-yayinlari', 'https://cdn.bkmkitap.com/2022-ayt-matematik-moduler-set-sonuc-yayinlari-11680160-56-O.jpg') 
 
DEBUG:
('2022 AYT Matematik Soru Bankası Bilinçsel Yayınları', 'Bilinçsel Yayınları', 372, '120.00', '150.00', None, 0.0, 'matematik', 'ayt', '2022', 'soru bankası', 'https://www.bkmkitap.com/2022-ayt-matematik-soru-bankasi-bilincsel-yayinlari', 'https://cdn.bkmkitap.com/2022-ayt-matematik-soru-bankasi-bilincsel-yayinlari-11682324-57-O.jpg') 
 
DEBUG:
('2022 AYT Matematik Soru Kitabı Palme Yayınları', 'Palme Yayıncılık', 320, '136.50', '210.00', None, 0.0, 'matematik', 'ayt', '2022', 'soru bankası', 'https://www.bkmkitap.com/2022-ayt-matematik-soru-kitabi-palme-yayinlari', 'https://cdn.bkmkitap.com/2022-ayt-matematik-soru-kitabi-palme-yayinlari-11690867-72-O.jpg') 
 
DEBUG:
('2022 AYT Matematik Tahminmatik Soru Bankası Video Çözümlü Altın Karma Yayınları', 'Altın Karma Yayınları', 272, '99.50', '199.00', None, 0.0, 'matematik', 'ayt', '2022', 'soru bankası', 'https://www.bkmkitap.com/2022-ayt-matematik-tahminmatik-soru-bankasi-video-cozumlu-altin-karma-yayinlari', 'https://cdn.bkmkitap.com/2022-ayt-matematik-tahminmatik-soru-bankasi-video-cozumlu-altin-karma-yayinlari-11683133-57-O.png') 
 
DEBUG:
('2022 AYT Şampiyon Biyoloji Soru Bankası Yargı Yayınları', 'Yargı Yayınları', 168, '38.40', '48.00', None, 0.0, 'biyoloji', 'ayt', '2022', 'soru bankası', 'https://www.bkmkitap.com/2022-ayt-sampiyon-biyoloji-soru-bankasi-yargi-yayinlari', 'https://cdn.bkmkitap.com/2022-ayt-sampiyon-biyoloji-soru-bankasi-yargi-yayinlari-13011772-69-O.jpg') 
 
DEBUG:
('2022 AYT Şampiyon Coğrafya Soru Bankası Yargı Yayınları', 'Yargı Yayınları', 162, '38.40', '48.00', None, 0.0, 'coğrafya', 'ayt', '2022', 'soru bankası', 'https://www.bkmkitap.com/2022-ayt-sampiyon-cografya-soru-bankasi-yargi-yayinlari', 'https://cdn.bkmkitap.com/2022-ayt-sampiyon-cografya-soru-bankasi-yargi-yayinlari-11686982-69-O.jpg') 
 
DEBUG:
('2022 AYT Şampiyon Edebiyat Soru Bankası Yargı Yayınları', 'Yargı Yayınları', 194, '43.20', '54.00', None, 0.0, 'edebiyat', 'ayt', '2022', 'soru bankası', 'https://www.bkmkitap.com/2022-ayt-sampiyon-edebiyat-soru-bankasi-yargi-yayinlari', 'https://cdn.bkmkitap.com/2022-ayt-sampiyon-edebiyat-soru-bankasi-yargi-yayinlari-11686985-69-O.jpg') 
 
DEBUG:
('2022 AYT Şampiyon Fizik Soru Bankası Yargı Yayınları', 'Yargı Yayınları', 188, '41.60', '52.00', None, 0.0, 'fizik', 'ayt', '2022', 'soru bankası', 'https://www.bkmkitap.com/2022-ayt-sampiyon-fizik-soru-bankasi-yargi-yayinlari', 'https://cdn.bkmkitap.com/2022-ayt-sampiyon-fizik-soru-bankasi-yargi-yayinlari-11686987-69-O.jpg') 
 
DEBUG:
('2022 AYT Şampiyon Kimya Soru Bankası Yargı Yayınları', 'Yargı Yayınları', 154, '36.80', '46.00', None, 0.0, 'kimya', 'ayt', '2022', 'soru bankası', 'https://www.bkmkitap.com/2022-ayt-sampiyon-kimya-soru-bankasi-yargi-yayinlari', 'https://cdn.bkmkitap.com/2022-ayt-sampiyon-kimya-soru-bankasi-yargi-yayinlari-11686988-69-O.jpg') 
 
DEBUG:
('2022 AYT Şampiyon Matematik Soru Bankası Yargı Yayınları', 'Yargı Yayınları', 144, '36.80', '46.00', None, 0.0, 'matematik', 'ayt', '2022', 'soru bankası', 'https://www.bkmkitap.com/2022-ayt-sampiyon-matematik-soru-bankasi-yargi-yayinlari', 'https://cdn.bkmkitap.com/2022-ayt-sampiyon-matematik-soru-bankasi-yargi-yayinlari-13221273-69-O.jpg') 
 
DEBUG:
('2022 AYT Şampiyon Tarih Soru Bankası Yargı Yayınları', 'Yargı Yayınları', 158, '38.40', '48.00', None, 0.0, 'tarih', 'ayt', '2022', 'soru bankası', 'https://www.bkmkitap.com/2022-ayt-sampiyon-tarih-soru-bankasi-yargi-yayinlari', 'https://cdn.bkmkitap.com/2022-ayt-sampiyon-tarih-soru-bankasi-yargi-yayinlari-11686981-69-O.jpg') 
 
DEBUG:
('2022 AYT Taktiklerle 8 Günde Matematik Kampı Benim Hocam Yayınları', 'Benim Hocam Yayınları', 112, '57.85', '89.00', None, 0.0, 'matematik', 'ayt', '2022', 'diğer', 'https://www.bkmkitap.com/2022-ayt-taktiklerle-8-gunde-matematik-kampi-benim-hocam-yayinlari', 'https://cdn.bkmkitap.com/2022-ayt-taktiklerle-8-gunde-matematik-kampi-benim-hocam-yayinlari-11690263-71-O.jpg') 
 
DEBUG:
('2022 AYT Tamamı Çözümlü Edebiyat Soru Bankası Pegem Akademi', 'Pegem Akademi Yayıncılık - Hazırlık Kitapları', 568, '172.80', '240.00', None, 0.0, 'edebiyat', 'ayt', '2022', 'soru bankası', 'https://www.bkmkitap.com/2022-ayt-tamami-cozumlu-edebiyat-soru-bankasi-pegem-akademi', 'https://cdn.bkmkitap.com/2022-ayt-tamami-cozumlu-edebiyat-soru-bankasi-pegem-akademi-12755691-56-O.jpg') 
 
DEBUG:
('2022 AYT Tarih Soru Bankası Pegem Akademi', 'Pegem Akademi Yayıncılık', 312, '126.00', '175.00', None, 0.0, 'tarih', 'ayt', '2022', 'soru bankası', 'https://www.bkmkitap.com/2022-ayt-tarih-soru-bankasi-pegem-akademi', 'https://cdn.bkmkitap.com/2022-ayt-tarih-soru-bankasi-pegem-akademi-12755725-64-O.jpg') 
 
DEBUG:
('2022 AYT Tarih Soru Bankası Supara Yayınları', 'Supara Yayınları', 206, '89.60', '112.00', None, 0.0, 'tarih', 'ayt', '2022', 'soru bankası', 'https://www.bkmkitap.com/2022-ayt-tarih-soru-bankasi-supara-yayinlari', 'https://cdn.bkmkitap.com/2022-ayt-tarih-soru-bankasi-supara-yayinlari-11678307-56-O.jpg') 
 
DEBUG:
('2022 AYT Trigonometri Sonuç Yayınları', 'Sonuç Yayınları', 136, '58.80', '84.00', None, 0.0, 'matematik', 'ayt', '2022', 'diğer', 'https://www.bkmkitap.com/2022-ayt-trigonometri-sonuc-yayinlari', 'https://cdn.bkmkitap.com/2022-ayt-trigonometri-sonuc-yayinlari-11687227-69-O.jpg') 
 
DEBUG:
('2022 AYT Trigonometri Soru Bankası Endemik Yayınları', 'Endemik Yayınları', 128, '58.90', '95.00', None, 0.0, 'matematik', 'ayt', '2022', 'soru bankası', 'https://www.bkmkitap.com/2022-ayt-trigonometri-soru-bankasi', 'https://cdn.bkmkitap.com/2022-ayt-trigonometri-soru-bankasi-11671871-56-O.jpg') 
 
DEBUG:
('2022 AYT Türev Soru Bankası Toprak Yayınları', 'Toprak Yayıncılık', 136, '82.80', '120.00', None, 0.0, 'matematik', 'ayt', '2022', 'soru bankası', 'https://www.bkmkitap.com/2022-ayt-turev-soru-bankasi-toprak-yayinlari', 'https://cdn.bkmkitap.com/2022-ayt-turev-soru-bankasi-toprak-yayinlari-11687278-70-O.jpg') 
 
DEBUG:
('2022 AYT Türk Dili ve Edebiyatı Enerji 10x24 Deneme Sınavı Palme Yayıncılık', 'Palme Yayıncılık - Hazırlık Kitapları', 160, '51.80', '74.00', None, 0.0, 'edebiyat', 'ayt', '2022', 'deneme', 'https://www.bkmkitap.com/2022-ayt-turk-dili-ve-edebiyati-enerji-10x24-deneme-sinavi-palme-yayincilik', 'https://cdn.bkmkitap.com/2022-ayt-turk-dili-ve-edebiyati-enerji-10x24-deneme-sinavi-palme-yayincilik-11691219-71-O.jpg') 
 
DEBUG:
('2022 AYT Türk Dili Ve Edebiyatı Soru Bankası Video Çözümlü Altın Karma Yayınları', 'Altın Karma Yayınları', 300, '124.50', '249.00', None, 0.0, 'edebiyat', 'ayt', '2022', 'soru bankası', 'https://www.bkmkitap.com/2022-ayt-turk-dili-ve-edebiyati-soru-bankasi-video-cozumlu-altin-karma-yayinlari', 'https://cdn.bkmkitap.com/2022-ayt-turk-dili-ve-edebiyati-soru-bankasi-video-cozumlu-altin-karma-yayinlari-11683041-57-O.png') 
 
DEBUG:
('2022 AYT Türk Dili ve Edebiyatı Sosyal Bilimler 12 Deneme Sınavı Endemik Yayınları', 'Endemik Yayınları', 128, '62.00', '100.00', None, 0.0, 'sosyal', 'ayt', '2022', 'deneme', 'https://www.bkmkitap.com/2022-ayt-turk-dili-ve-edebiyati-sosyal-bilimler-12-deneme-sinavi-endemik-yayinlari', 'https://cdn.bkmkitap.com/2022-ayt-turk-dili-ve-edebiyati-sosyal-bilimler-12-deneme-sinavi-endemik-yayinlari-11684460-62-O.jpg') 
 
DEBUG:
('2022 AYT ve 12. Sınıflar İçin Organik Kimya Konu Anlatımlı Soru Fasikülü Benim Hocam Yayınları', 'Benim Hocam Yayınları', 192, '103.35', '159.00', None, 0.0, 'kimya', 'ayt', '2022', 'diğer', 'https://www.bkmkitap.com/2022-ayt-ve-12-siniflar-icin-organik-kimya-konu-anlatimli-soru-fasikulu-benim-hocam-yayinlari', 'https://cdn.bkmkitap.com/2022-ayt-ve-12-siniflar-icin-organik-kimya-konu-anlatimli-soru-fasikulu-benim-hocam-yayinlari-11687258-70-O.jpg') 
 
DEBUG:
('2022 Bir Hayale Serisi TYT - KPSS - MSÜ Dil Bilgisi Tamamı Çözümlü Soru Bankası Benim Hocam Yayınları', 'Benim Hocam Yayınları', 288, '143.20', '179.00', None, 0.0, 'türkçe', 'tyt', '2022', 'soru bankası', 'https://www.bkmkitap.com/2022-bir-hayale-serisi-tyt-kpss-msu-dil-bilgisi-tamami-cozumlu-soru-bankasi-benim-hocam-yayinlari', 'https://cdn.bkmkitap.com/2022-bir-hayale-serisi-tyt-kpss-msu-dil-bilgisi-tamami-cozumlu-soru-bankasi-benim-hocam-yayinlari-11682032-57-O.jpg') 
 
DEBUG:
('2022 Enerji AYT Biyoloji 20 Deneme Palme Yayınevi', 'Palme Yayıncılık', 96, '52.00', '80.00', None, 0.0, 'biyoloji', 'ayt', '2022', 'deneme', 'https://www.bkmkitap.com/2022-enerji-ayt-biyoloji-20-deneme-palme-yayinevi', 'https://cdn.bkmkitap.com/2022-enerji-ayt-biyoloji-20-deneme-palme-yayinevi-11691509-71-O.jpg') 
 
DEBUG:
('2022 KPSS ALES DGS TYT 10 Günde Paragraf Soru Bankası ATC Yayınları', 'Atc Yayınları', 138, '127.50', '150.00', None, 0.0, 'türkçe', 'tyt', '2022', 'soru bankası', 'https://www.bkmkitap.com/2022-kpss-ales-dgs-tyt-10-gunde-paragraf-soru-bankasi-atc-yayinlari', 'https://cdn.bkmkitap.com/2022-kpss-ales-dgs-tyt-10-gunde-paragraf-soru-bankasi-atc-yayinlari-11687198-70-O.jpg') 
 
DEBUG:
('2022 Mert Hoca AYT Efişinado Matematik Denemeleri 10lu Deneme', 'Mert Hoca Yayınları', 160, '69.90', '69.90', None, 0.0, 'matematik', 'ayt', '2022', 'deneme', 'https://www.bkmkitap.com/2022-mert-hoca-ayt-efisinado-matematik-denemeleri-10lu-deneme', 'https://cdn.bkmkitap.com/2022-mert-hoca-ayt-efisinado-matematik-denemeleri-10lu-deneme-11690755-71-O.jpg') 
 
DEBUG:
('2022 Palmetre AYT Edebiyat 12 Deneme Sınavı Palme Yayınevi', 'Palme Yayıncılık', 96, '55.90', '86.00', None, 0.0, 'edebiyat', 'ayt', '2022', 'deneme', 'https://www.bkmkitap.com/2022-palmetre-ayt-edebiyat-12-deneme-sinavi-palme-yayinevi', 'https://cdn.bkmkitap.com/2022-palmetre-ayt-edebiyat-12-deneme-sinavi-palme-yayinevi-11691300-72-O.jpg') 
 
DEBUG:
('2022 Tüm Adaylar İçin Dil Bilgisi Tamamı Çözümlü 25 Deneme Benim Hocam Yayınları', 'Benim Hocam Yayınları', 112, '35.10', '54.00', None, 0.0, 'türkçe', 'tyt', '2022', 'deneme', 'https://www.bkmkitap.com/2022-tum-adaylar-icin-dil-bilgisi-tamami-cozumlu-25-deneme-benim-hocam-yayinlari', 'https://cdn.bkmkitap.com/2022-tum-adaylar-icin-dil-bilgisi-tamami-cozumlu-25-deneme-benim-hocam-yayinlari-11689919-71-O.jpg') 
 
DEBUG:
('2022 Tüm Adaylar İçin Taktiklerle Çarpanlara Ayırma - Denklemler - Oran Orantı Konu Anlatımlı Soru Fasikülü Benim Hocam Yayınları', 'Benim Hocam Yayınları', 160, '104.00', '160.00', None, 0.0, 'genel', 'lise', '2022', 'diğer', 'https://www.bkmkitap.com/2022-tum-adaylar-icin-taktiklerle-carpanlara-ayirma-denklemler-oran-oranti-konu-anlatimli-soru-fasikulu-benim-hocam-yayinlari', 'https://cdn.bkmkitap.com/2022-tum-adaylar-icin-taktiklerle-carpanlara-ayirma-denklemler-oran-oranti-konu-anlatimli-soru-fasikulu-benim-hocam-yayinlari-11684151-61-O.jpg') 
 
DEBUG:
('2022 Tüm Adaylar İçin Taktiklerle Fonksiyonlar Konu Anlatımlı Soru Fasikülü Benim Hocam Yayınları', 'Benim Hocam Yayınları', 128, '84.50', '130.00', None, 0.0, 'matematik', '10.', '2022', 'diğer', 'https://www.bkmkitap.com/2022-tum-adaylar-icin-taktiklerle-fonksiyonlar-konu-anlatimli-soru-fasikulu-benim-hocam-yayinlari', 'https://cdn.bkmkitap.com/2022-tum-adaylar-icin-taktiklerle-fonksiyonlar-konu-anlatimli-soru-fasikulu-benim-hocam-yayinlari-11687040-69-O.jpg') 
 
DEBUG:
('2022 Tüm Adaylar İçin Taktiklerle Geometri Konu Anlatımlı Soru Fasikülü Benim Hocam Yayınları', 'Benim Hocam Yayınları', 160, '104.00', '160.00', None, 0.0, 'matematik', 'tyt', '2022', 'diğer', 'https://www.bkmkitap.com/2022-tum-dersler-taktiklerle-geometri-konu-anlatimli-soru-fasikulu-benim-hocam-yayinlari', 'https://cdn.bkmkitap.com/2022-tum-dersler-taktiklerle-geometri-konu-anlatimli-soru-fasikulu-benim-hocam-yayinlari-11692359-73-O.jpg') 
 
DEBUG:
('2022 Tüm Adaylar İçin Taktiklerle Permütasyon Kombinasyon Olasılık Konu Anlatımlı Soru Fasikülü', 'Benim Hocam Yayınları', 128, '84.50', '130.00', None, 0.0, 'matematik', '10.', '2022', 'diğer', 'https://www.bkmkitap.com/2022-tum-adaylar-icin-taktiklerle-permutasyon-kombinasyon-olasilik-konu-anlatimli-soru-fasikulu', 'https://cdn.bkmkitap.com/2022-tum-adaylar-icin-taktiklerle-permutasyon-kombinasyon-olasilik-konu-anlatimli-soru-fasikulu-11692354-73-O.jpg') 
 
DEBUG:
('2022 Tüm Adaylar İçin Taktiklerle Rasyonel Basit Eşitsizlikler ve Mutlak Değer Konu Anlatımlı Soru F', 'Benim Hocam Yayınları', 144, '75.00', '150.00', None, 0.0, 'matematik', '9.', '2022', 'diğer', 'https://www.bkmkitap.com/2022-tum-adaylar-icin-taktiklerle-rasyonel-basit-esitsizlikler-ve-mutlak-deger-konu-anlatimli-soru-f', 'https://cdn.bkmkitap.com/2022-tum-adaylar-icin-taktiklerle-rasyonel-basit-esitsizlikler-ve-mutlak-deger-konu-anlatimli-soru-f-12512388-57-O.jpg') 
 
DEBUG:
('2022 Tüm Adaylar İçin Taktiklerle Temel Kavramlar ve Sayılar Konu Anlatımlı Soru Fasikülü Benim Hoca', 'Benim Hocam Yayınları', 208, '130.00', '200.00', None, 5.0, 'genel', 'lise', '2022', 'diğer', 'https://www.bkmkitap.com/2022-tum-adaylar-icin-taktiklerle-temel-kavramlar-ve-sayilar-konu-anlatimli-soru-fasikulu-benim-hocam-yayinlari', 'https://cdn.bkmkitap.com/2022-tum-adaylar-icin-taktiklerle-temel-kavramlar-ve-sayilar-konu-anlatimli-soru-fasikulu-benim-hocam-yayinlari-12151096-57-O.jpg') 
 
DEBUG:
('2022 Tüm Adaylar İçin Taktiklerle Trigonometri Konu Anlatımlı Soru Fasikülü Benim Hocam Yayınları', 'Benim Hocam Yayınları', 144, '97.50', '150.00', None, 0.0, 'matematik', '11.', '2022', 'diğer', 'https://www.bkmkitap.com/2022-tum-adaylar-icin-taktiklerle-trigonometri-konu-anlatimli-soru-fasikulu-benim-hocam-yayinlari', 'https://cdn.bkmkitap.com/2022-tum-adaylar-icin-taktiklerle-trigonometri-konu-anlatimli-soru-fasikulu-benim-hocam-yayinlari-11688683-70-O.jpg') 
 
DEBUG:
('2022 Tüm Adaylar İçin Taktiklerle Üslü - Köklü Sayılar Konu Anlatımlı Soru Fasikülü Benim Hocam Yayı', 'Benim Hocam Yayınları', 112, '78.00', '120.00', None, 0.0, 'matematik', '9.', '2022', 'diğer', 'https://www.bkmkitap.com/2022-tum-adaylar-icin-taktiklerle-uslu-koklu-sayilar-konu-anlatimli-soru-fasikulu-benim-hocam-yayi', 'https://cdn.bkmkitap.com/2022-tum-adaylar-icin-taktiklerle-uslu-koklu-sayilar-konu-anlatimli-soru-fasikulu-benim-hocam-yayi-11681873-57-O.jpg') 
 
DEBUG:
('2022 TYT - AYT Geometri Soru Bankası Endemik Yayınları', 'Endemik Yayınları', 288, '124.00', '200.00', None, 0.0, 'matematik', 'lise', '2022', 'soru bankası', 'https://www.bkmkitap.com/2022-tyt-ayt-geometri-soru-bankasi', 'https://cdn.bkmkitap.com/2022-tyt-ayt-geometri-soru-bankasi-11678824-56-O.jpg') 
 
DEBUG:
('2022 TYT 112 Stratejik Dil Bilgisi Tamamı Çözümlü Soru Bankası Yargı Yayınları', 'Yargı Yayınları', 64, '19.20', '24.00', None, 0.0, 'türkçe', 'tyt', '2022', 'soru bankası', 'https://www.bkmkitap.com/2022-tyt-112-stratejik-dil-bilgisi-tamami-cozumlu-soru-bankasi-yargi-yayinlari', 'https://cdn.bkmkitap.com/2022-tyt-112-stratejik-dil-bilgisi-tamami-cozumlu-soru-bankasi-yargi-yayinlari-11684365-62-O.jpg') 
 
DEBUG:
('2022 TYT 20 Yıldan Seçilmiş 10 Karma Deneme Ünlüler Karması', 'Ünlüler Yayınları', None, '96.75', '129.00', None, 0.0, 'genel', 'tyt', '2022', 'deneme', 'https://www.bkmkitap.com/2022-tyt-20-yildan-secilmis-10-karma-deneme-unluler-karmasi', 'https://cdn.bkmkitap.com/2022-tyt-20-yildan-secilmis-10-karma-deneme-unluler-karmasi-13221914-71-O.jpg') 
 
DEBUG:
('2022 TYT 3 Lü Deneme Sınavı Pes Yayınları', 'Pes Yayınları', None, '55.25', '65.00', None, 0.0, 'genel', 'tyt', '2022', 'deneme', 'https://www.bkmkitap.com/2022-tyt-3-lu-deneme-sinavi-pes-yayinlari', 'https://cdn.bkmkitap.com/2022-tyt-3-lu-deneme-sinavi-pes-yayinlari-11687189-70-O.jpg') 
 
DEBUG:
('2022 TYT 5 Günde Coğrafya Kampı Benim Hocam Yayınları', 'Benim Hocam Yayınları', 144, '57.85', '89.00', None, 0.0, 'coğrafya', 'tyt', '2022', 'diğer', 'https://www.bkmkitap.com/2022-tyt-5-gunde-cografya-kampi-benim-hocam-yayinlari', 'https://cdn.bkmkitap.com/2022-tyt-5-gunde-cografya-kampi-benim-hocam-yayinlari-11692407-73-O.jpg') 
 
DEBUG:
('2022 TYT 7 Günde Matematik Kampı Benim Hocam Yayınları', 'Benim Hocam Yayınları', 144, '64.35', '99.00', None, 0.0, 'matematik', 'tyt', '2022', 'diğer', 'https://www.bkmkitap.com/2022-tyt-7-gunde-matematik-kampi-benim-hocam-yayinlari', 'https://cdn.bkmkitap.com/2022-tyt-7-gunde-matematik-kampi-benim-hocam-yayinlari-11687261-70-O.jpg') 
 
DEBUG:
('2022 TYT 8 li Video Çözümlü Deneme Hız ve Renk', 'Hız Ve Renk Yayınları', None, '118.15', '139.00', None, 0.0, 'genel', 'tyt', '2022', 'deneme', 'https://www.bkmkitap.com/2022-tyt-8-li-video-cozumlu-deneme-hiz-ve-renk', 'https://cdn.bkmkitap.com/2022-tyt-8-li-video-cozumlu-deneme-hiz-ve-renk-12619373-57-O.jpg') 
 
DEBUG:
('2022 TYT Adaptör Fizik Denemeleri Master Hocam Serisi Benim Hocam Yayınları', 'Benim Hocam Yayınları', 96, '24.00', '32.00', None, 0.0, 'fizik', 'tyt', '2022', 'deneme', 'https://www.bkmkitap.com/2022-tyt-adaptor-fizik-denemeleri-master-hocam-serisi-benim-hocam-yayinlari', 'https://cdn.bkmkitap.com/2022-tyt-adaptor-fizik-denemeleri-master-hocam-serisi-benim-hocam-yayinlari-11688479-64-O.png') 
 
DEBUG:
('2022 TYT Aperitif Matematik Soru Bankası Bilinçsel Yayınları', 'Bilinçsel Yayınları', 240, '128.00', '160.00', None, 0.0, 'matematik', 'tyt', '2022', 'soru bankası', 'https://www.bkmkitap.com/2022-tyt-aperitif-matematik-soru-bankasi-bilincsel-yayinlari', 'https://cdn.bkmkitap.com/2022-tyt-aperitif-matematik-soru-bankasi-bilincsel-yayinlari-11682321-57-O.jpg') 
 
INFO:
97 book has been scraped from bkmkitap. 
 
